<?xml version="1.0" encoding="UTF-8"?>
<testsuite name="Lazada Online Shopping Test Result"
           tests="2"
           failures="2"
           errors="0"
           skipped="0"
           time="52.141">
  <properties />
            <testcase name="findAndShopItemOne" time="32.672" classname="lazadaOnlineShoppingTest.shopOnlineTestNG">
                <failure type="org.openqa.selenium.StaleElementReferenceException"
                  message="Element not found in the cache - perhaps the page has changed since it was looked up
Command duration or timeout: 13.02 seconds
For documentation on this error, please visit: http://seleniumhq.org/exceptions/stale_element_reference.html
Build info: version: &apos;2.45.0&apos;, revision: &apos;32a636c&apos;, time: &apos;2015-03-05 22:01:35&apos;
System info: host: &apos;K1eL7&apos;, ip: &apos;192.168.1.117&apos;, os.name: &apos;Windows 8.1&apos;, os.arch: &apos;amd64&apos;, os.version: &apos;6.3&apos;, java.version: &apos;1.8.0_40&apos;
Driver info: org.openqa.selenium.firefox.FirefoxDriver
Capabilities [{applicationCacheEnabled=true, rotatable=false, handlesAlerts=true, databaseEnabled=true, version=37.0.2, platform=WINDOWS, nativeEvents=false, acceptSslCerts=true, webStorageEnabled=true, locationContextEnabled=true, browserName=firefox, takesScreenshot=true, javascriptEnabled=true, cssSelectorsEnabled=true}]
Session ID: 64eaf6c4-4060-46a5-8cd3-6dd554d8b23e"
              >
<![CDATA[org.openqa.selenium.StaleElementReferenceException: Element not found in the cache - perhaps the page has changed since it was looked up
Command duration or timeout: 13.02 seconds
For documentation on this error, please visit: http://seleniumhq.org/exceptions/stale_element_reference.html
Build info: version: '2.45.0', revision: '32a636c', time: '2015-03-05 22:01:35'
System info: host: 'K1eL7', ip: '192.168.1.117', os.name: 'Windows 8.1', os.arch: 'amd64', os.version: '6.3', java.version: '1.8.0_40'
Driver info: org.openqa.selenium.firefox.FirefoxDriver
Capabilities [{applicationCacheEnabled=true, rotatable=false, handlesAlerts=true, databaseEnabled=true, version=37.0.2, platform=WINDOWS, nativeEvents=false, acceptSslCerts=true, webStorageEnabled=true, locationContextEnabled=true, browserName=firefox, takesScreenshot=true, javascriptEnabled=true, cssSelectorsEnabled=true}]
Session ID: 64eaf6c4-4060-46a5-8cd3-6dd554d8b23e
  sun.reflect.NativeConstructorAccessorImpl.newInstance0(Native Method)
  sun.reflect.NativeConstructorAccessorImpl.newInstance(Unknown Source)
  sun.reflect.DelegatingConstructorAccessorImpl.newInstance(Unknown Source)
  java.lang.reflect.Constructor.newInstance(Unknown Source)
  org.openqa.selenium.remote.ErrorHandler.createThrowable(ErrorHandler.java:204)
  org.openqa.selenium.remote.ErrorHandler.throwIfResponseFailed(ErrorHandler.java:156)
  org.openqa.selenium.remote.RemoteWebDriver.execute(RemoteWebDriver.java:599)
  org.openqa.selenium.remote.RemoteWebElement.execute(RemoteWebElement.java:268)
  org.openqa.selenium.remote.RemoteWebElement.sendKeys(RemoteWebElement.java:89)
  lazadaOnlineShoppingTest.shopOnlineTestNG.findAndShopItemOne(shopOnlineTestNG.java:49)
  sun.reflect.NativeMethodAccessorImpl.invoke0(Native Method)
  sun.reflect.NativeMethodAccessorImpl.invoke(Unknown Source)
  sun.reflect.DelegatingMethodAccessorImpl.invoke(Unknown Source)
  java.lang.reflect.Method.invoke(Unknown Source)
  org.testng.internal.MethodInvocationHelper.invokeMethod(MethodInvocationHelper.java:84)
  org.testng.internal.Invoker.invokeMethod(Invoker.java:714)
  org.testng.internal.Invoker.invokeTestMethod(Invoker.java:901)
  org.testng.internal.Invoker.invokeTestMethods(Invoker.java:1231)
  org.testng.internal.TestMethodWorker.invokeTestMethods(TestMethodWorker.java:127)
  org.testng.internal.TestMethodWorker.run(TestMethodWorker.java:111)
  org.testng.TestRunner.privateRun(TestRunner.java:767)
  org.testng.TestRunner.run(TestRunner.java:617)
  org.testng.SuiteRunner.runTest(SuiteRunner.java:334)
  org.testng.SuiteRunner.runSequentially(SuiteRunner.java:329)
  org.testng.SuiteRunner.privateRun(SuiteRunner.java:291)
  org.testng.SuiteRunner.run(SuiteRunner.java:240)
  org.testng.SuiteRunnerWorker.runSuite(SuiteRunnerWorker.java:52)
  org.testng.SuiteRunnerWorker.run(SuiteRunnerWorker.java:86)
  org.testng.TestNG.runSuitesSequentially(TestNG.java:1224)
  org.testng.TestNG.runSuitesLocally(TestNG.java:1149)
  org.testng.TestNG.run(TestNG.java:1057)
  org.testng.remote.RemoteTestNG.run(RemoteTestNG.java:111)
  org.testng.remote.RemoteTestNG.initAndRun(RemoteTestNG.java:204)
  org.testng.remote.RemoteTestNG.main(RemoteTestNG.java:175)
Caused by: org.openqa.selenium.StaleElementReferenceException: Element not found in the cache - perhaps the page has changed since it was looked up
For documentation on this error, please visit: http://seleniumhq.org/exceptions/stale_element_reference.html
Build info: version: '2.45.0', revision: '32a636c', time: '2015-03-05 22:01:35'
System info: host: 'K1eL7', ip: '192.168.1.117', os.name: 'Windows 8.1', os.arch: 'amd64', os.version: '6.3', java.version: '1.8.0_40'
Driver info: driver.version: unknown
  <anonymous class>.fxdriver.cache.getElementAt(resource://fxdriver/modules/web-element-cache.js:8953)
  <anonymous class>.Utils.getElementAt(file:///C:/Users/King/AppData/Local/Temp/anonymous2650684635398011685webdriver-profile/extensions/fxdriver@googlecode.com/components/command-processor.js:8546)
  <anonymous class>.fxdriver.preconditions.visible(file:///C:/Users/King/AppData/Local/Temp/anonymous2650684635398011685webdriver-profile/extensions/fxdriver@googlecode.com/components/command-processor.js:9585)
  <anonymous class>.DelayedCommand.prototype.checkPreconditions_(file:///C:/Users/King/AppData/Local/Temp/anonymous2650684635398011685webdriver-profile/extensions/fxdriver@googlecode.com/components/command-processor.js:12257)
  <anonymous class>.DelayedCommand.prototype.executeInternal_/h(file:///C:/Users/King/AppData/Local/Temp/anonymous2650684635398011685webdriver-profile/extensions/fxdriver@googlecode.com/components/command-processor.js:12274)
  <anonymous class>.fxdriver.Timer.prototype.setTimeout/<.notify(file:///C:/Users/King/AppData/Local/Temp/anonymous2650684635398011685webdriver-profile/extensions/fxdriver@googlecode.com/components/command-processor.js:603)
]]>
      </failure>

          </testcase>
            <testcase name="findAndShopItemTwo" time="19.469" classname="lazadaOnlineShoppingTest.shopOnlineTestNG">
                <failure type="org.openqa.selenium.NoSuchElementException"
                  message="Unable to locate element: {&quot;method&quot;:&quot;xpath&quot;,&quot;selector&quot;:&quot;//*[@class=&apos;multiselect__content&apos;]/ul/li[14]&quot;}
Command duration or timeout: 10.17 seconds
For documentation on this error, please visit: http://seleniumhq.org/exceptions/no_such_element.html
Build info: version: &apos;2.45.0&apos;, revision: &apos;32a636c&apos;, time: &apos;2015-03-05 22:01:35&apos;
System info: host: &apos;K1eL7&apos;, ip: &apos;192.168.1.117&apos;, os.name: &apos;Windows 8.1&apos;, os.arch: &apos;amd64&apos;, os.version: &apos;6.3&apos;, java.version: &apos;1.8.0_40&apos;
Driver info: org.openqa.selenium.firefox.FirefoxDriver
Capabilities [{applicationCacheEnabled=true, rotatable=false, handlesAlerts=true, databaseEnabled=true, version=37.0.2, platform=WINDOWS, nativeEvents=false, acceptSslCerts=true, webStorageEnabled=true, locationContextEnabled=true, browserName=firefox, takesScreenshot=true, javascriptEnabled=true, cssSelectorsEnabled=true}]
Session ID: 64eaf6c4-4060-46a5-8cd3-6dd554d8b23e
*** Element info: {Using=xpath, value=//*[@class=&apos;multiselect__content&apos;]/ul/li[14]}"
              >
<![CDATA[org.openqa.selenium.NoSuchElementException: Unable to locate element: {"method":"xpath","selector":"//*[@class='multiselect__content']/ul/li[14]"}
Command duration or timeout: 10.17 seconds
For documentation on this error, please visit: http://seleniumhq.org/exceptions/no_such_element.html
Build info: version: '2.45.0', revision: '32a636c', time: '2015-03-05 22:01:35'
System info: host: 'K1eL7', ip: '192.168.1.117', os.name: 'Windows 8.1', os.arch: 'amd64', os.version: '6.3', java.version: '1.8.0_40'
Driver info: org.openqa.selenium.firefox.FirefoxDriver
Capabilities [{applicationCacheEnabled=true, rotatable=false, handlesAlerts=true, databaseEnabled=true, version=37.0.2, platform=WINDOWS, nativeEvents=false, acceptSslCerts=true, webStorageEnabled=true, locationContextEnabled=true, browserName=firefox, takesScreenshot=true, javascriptEnabled=true, cssSelectorsEnabled=true}]
Session ID: 64eaf6c4-4060-46a5-8cd3-6dd554d8b23e
*** Element info: {Using=xpath, value=//*[@class='multiselect__content']/ul/li[14]}
  sun.reflect.NativeConstructorAccessorImpl.newInstance0(Native Method)
  sun.reflect.NativeConstructorAccessorImpl.newInstance(Unknown Source)
  sun.reflect.DelegatingConstructorAccessorImpl.newInstance(Unknown Source)
  java.lang.reflect.Constructor.newInstance(Unknown Source)
  org.openqa.selenium.remote.ErrorHandler.createThrowable(ErrorHandler.java:204)
  org.openqa.selenium.remote.ErrorHandler.throwIfResponseFailed(ErrorHandler.java:156)
  org.openqa.selenium.remote.RemoteWebDriver.execute(RemoteWebDriver.java:599)
  org.openqa.selenium.remote.RemoteWebDriver.findElement(RemoteWebDriver.java:352)
  org.openqa.selenium.remote.RemoteWebDriver.findElementByXPath(RemoteWebDriver.java:449)
  org.openqa.selenium.By$ByXPath.findElement(By.java:357)
  org.openqa.selenium.remote.RemoteWebDriver.findElement(RemoteWebDriver.java:344)
  lazadaOnlineShoppingTest.shopOnlineTestNG.componentFinder(shopOnlineTestNG.java:140)
  lazadaOnlineShoppingTest.shopOnlineTestNG.findAndShopItemTwo(shopOnlineTestNG.java:106)
  sun.reflect.NativeMethodAccessorImpl.invoke0(Native Method)
  sun.reflect.NativeMethodAccessorImpl.invoke(Unknown Source)
  sun.reflect.DelegatingMethodAccessorImpl.invoke(Unknown Source)
  java.lang.reflect.Method.invoke(Unknown Source)
  org.testng.internal.MethodInvocationHelper.invokeMethod(MethodInvocationHelper.java:84)
  org.testng.internal.Invoker.invokeMethod(Invoker.java:714)
  org.testng.internal.Invoker.invokeTestMethod(Invoker.java:901)
  org.testng.internal.Invoker.invokeTestMethods(Invoker.java:1231)
  org.testng.internal.TestMethodWorker.invokeTestMethods(TestMethodWorker.java:127)
  org.testng.internal.TestMethodWorker.run(TestMethodWorker.java:111)
  org.testng.TestRunner.privateRun(TestRunner.java:767)
  org.testng.TestRunner.run(TestRunner.java:617)
  org.testng.SuiteRunner.runTest(SuiteRunner.java:334)
  org.testng.SuiteRunner.runSequentially(SuiteRunner.java:329)
  org.testng.SuiteRunner.privateRun(SuiteRunner.java:291)
  org.testng.SuiteRunner.run(SuiteRunner.java:240)
  org.testng.SuiteRunnerWorker.runSuite(SuiteRunnerWorker.java:52)
  org.testng.SuiteRunnerWorker.run(SuiteRunnerWorker.java:86)
  org.testng.TestNG.runSuitesSequentially(TestNG.java:1224)
  org.testng.TestNG.runSuitesLocally(TestNG.java:1149)
  org.testng.TestNG.run(TestNG.java:1057)
  org.testng.remote.RemoteTestNG.run(RemoteTestNG.java:111)
  org.testng.remote.RemoteTestNG.initAndRun(RemoteTestNG.java:204)
  org.testng.remote.RemoteTestNG.main(RemoteTestNG.java:175)
Caused by: org.openqa.selenium.NoSuchElementException: Unable to locate element: {"method":"xpath","selector":"//*[@class='multiselect__content']/ul/li[14]"}
For documentation on this error, please visit: http://seleniumhq.org/exceptions/no_such_element.html
Build info: version: '2.45.0', revision: '32a636c', time: '2015-03-05 22:01:35'
System info: host: 'K1eL7', ip: '192.168.1.117', os.name: 'Windows 8.1', os.arch: 'amd64', os.version: '6.3', java.version: '1.8.0_40'
Driver info: driver.version: unknown
  <anonymous class>.FirefoxDriver.prototype.findElementInternal_(file:///C:/Users/King/AppData/Local/Temp/anonymous2650684635398011685webdriver-profile/extensions/fxdriver@googlecode.com/components/driver-component.js:10271)
  <anonymous class>.fxdriver.Timer.prototype.setTimeout/<.notify(file:///C:/Users/King/AppData/Local/Temp/anonymous2650684635398011685webdriver-profile/extensions/fxdriver@googlecode.com/components/driver-component.js:603)
]]>
      </failure>

          </testcase>
  
  
  
</testsuite>
